\BOOKMARK [0][-]{chapter.1}{About S3QL}{}% 1
\BOOKMARK [1][-]{section.1.1}{Features}{chapter.1}% 2
\BOOKMARK [1][-]{section.1.2}{Development Status}{chapter.1}% 3
\BOOKMARK [1][-]{section.1.3}{Supported Platforms}{chapter.1}% 4
\BOOKMARK [1][-]{section.1.4}{Contributing}{chapter.1}% 5
\BOOKMARK [0][-]{chapter.2}{Installation}{}% 6
\BOOKMARK [1][-]{section.2.1}{Dependencies}{chapter.2}% 7
\BOOKMARK [1][-]{section.2.2}{Installing S3QL}{chapter.2}% 8
\BOOKMARK [1][-]{section.2.3}{Development Version}{chapter.2}% 9
\BOOKMARK [1][-]{section.2.4}{Running tests requiring remote servers}{chapter.2}% 10
\BOOKMARK [0][-]{chapter.3}{Storage Backends}{}% 11
\BOOKMARK [1][-]{section.3.1}{Google Storage}{chapter.3}% 12
\BOOKMARK [1][-]{section.3.2}{Amazon S3}{chapter.3}% 13
\BOOKMARK [1][-]{section.3.3}{OpenStack/Swift}{chapter.3}% 14
\BOOKMARK [1][-]{section.3.4}{Rackspace CloudFiles}{chapter.3}% 15
\BOOKMARK [1][-]{section.3.5}{S3 compatible}{chapter.3}% 16
\BOOKMARK [1][-]{section.3.6}{Local}{chapter.3}% 17
\BOOKMARK [0][-]{chapter.4}{Important Rules to Avoid Losing Data}{}% 18
\BOOKMARK [1][-]{section.4.1}{Rules in a Nutshell}{chapter.4}% 19
\BOOKMARK [1][-]{section.4.2}{Consistency Window List}{chapter.4}% 20
\BOOKMARK [1][-]{section.4.3}{Data Consistency}{chapter.4}% 21
\BOOKMARK [1][-]{section.4.4}{Data Durability}{chapter.4}% 22
\BOOKMARK [0][-]{chapter.5}{File System Creation}{}% 23
\BOOKMARK [0][-]{chapter.6}{Managing File Systems}{}% 24
\BOOKMARK [1][-]{section.6.1}{Changing the Passphrase}{chapter.6}% 25
\BOOKMARK [1][-]{section.6.2}{Upgrading the file system}{chapter.6}% 26
\BOOKMARK [1][-]{section.6.3}{Deleting a file system}{chapter.6}% 27
\BOOKMARK [1][-]{section.6.4}{Restoring Metadata Backups}{chapter.6}% 28
\BOOKMARK [0][-]{chapter.7}{Mounting}{}% 29
\BOOKMARK [1][-]{section.7.1}{Permission Checking}{chapter.7}% 30
\BOOKMARK [1][-]{section.7.2}{Compression Algorithms}{chapter.7}% 31
\BOOKMARK [1][-]{section.7.3}{Notes about Caching}{chapter.7}% 32
\BOOKMARK [1][-]{section.7.4}{Failure Modes}{chapter.7}% 33
\BOOKMARK [1][-]{section.7.5}{Automatic Mounting}{chapter.7}% 34
\BOOKMARK [0][-]{chapter.8}{Advanced S3QL Features}{}% 35
\BOOKMARK [1][-]{section.8.1}{Snapshotting and Copy-on-Write}{chapter.8}% 36
\BOOKMARK [1][-]{section.8.2}{Getting Statistics}{chapter.8}% 37
\BOOKMARK [1][-]{section.8.3}{Immutable Trees}{chapter.8}% 38
\BOOKMARK [1][-]{section.8.4}{Fast Recursive Removal}{chapter.8}% 39
\BOOKMARK [1][-]{section.8.5}{Runtime Configuration}{chapter.8}% 40
\BOOKMARK [0][-]{chapter.9}{Unmounting}{}% 41
\BOOKMARK [0][-]{chapter.10}{Checking for Errors}{}% 42
\BOOKMARK [1][-]{section.10.1}{Checking and repairing internal file system errors}{chapter.10}% 43
\BOOKMARK [1][-]{section.10.2}{Detecting and handling backend data corruption}{chapter.10}% 44
\BOOKMARK [0][-]{chapter.11}{Storing Authentication Information}{}% 45
\BOOKMARK [0][-]{chapter.12}{Contributed Programs}{}% 46
\BOOKMARK [1][-]{section.12.1}{benchmark.py}{chapter.12}% 47
\BOOKMARK [1][-]{section.12.2}{clone\137fs.py}{chapter.12}% 48
\BOOKMARK [1][-]{section.12.3}{pcp.py}{chapter.12}% 49
\BOOKMARK [1][-]{section.12.4}{s3ql\137backup.sh}{chapter.12}% 50
\BOOKMARK [1][-]{section.12.5}{expire\137backups.py}{chapter.12}% 51
\BOOKMARK [1][-]{section.12.6}{remove\137objects.py}{chapter.12}% 52
\BOOKMARK [0][-]{chapter.13}{Tips \046 Tricks}{}% 53
\BOOKMARK [1][-]{section.13.1}{SSH Backend}{chapter.13}% 54
\BOOKMARK [1][-]{section.13.2}{Permanently mounted backup file system}{chapter.13}% 55
\BOOKMARK [1][-]{section.13.3}{Improving copy performance}{chapter.13}% 56
\BOOKMARK [0][-]{chapter.14}{Known Issues}{}% 57
\BOOKMARK [0][-]{chapter.15}{Manpages}{}% 58
\BOOKMARK [1][-]{section.15.1}{The mkfs.s3ql command}{chapter.15}% 59
\BOOKMARK [1][-]{section.15.2}{The s3qladm command}{chapter.15}% 60
\BOOKMARK [1][-]{section.15.3}{The mount.s3ql command}{chapter.15}% 61
\BOOKMARK [1][-]{section.15.4}{The s3qlstat command}{chapter.15}% 62
\BOOKMARK [1][-]{section.15.5}{The s3qlctrl command}{chapter.15}% 63
\BOOKMARK [1][-]{section.15.6}{The s3qlcp command}{chapter.15}% 64
\BOOKMARK [1][-]{section.15.7}{The s3qlrm command}{chapter.15}% 65
\BOOKMARK [1][-]{section.15.8}{The s3qllock command}{chapter.15}% 66
\BOOKMARK [1][-]{section.15.9}{The umount.s3ql command}{chapter.15}% 67
\BOOKMARK [1][-]{section.15.10}{The fsck.s3ql command}{chapter.15}% 68
\BOOKMARK [1][-]{section.15.11}{The s3ql\137oauth\137client command}{chapter.15}% 69
\BOOKMARK [1][-]{section.15.12}{The s3ql\137verify command}{chapter.15}% 70
\BOOKMARK [1][-]{section.15.13}{The pcp command}{chapter.15}% 71
\BOOKMARK [1][-]{section.15.14}{The expire\137backups command}{chapter.15}% 72
\BOOKMARK [0][-]{chapter.16}{Further Resources / Getting Help}{}% 73
\BOOKMARK [0][-]{chapter.17}{Implementation Details}{}% 74
\BOOKMARK [1][-]{section.17.1}{Metadata Storage}{chapter.17}% 75
\BOOKMARK [1][-]{section.17.2}{Data Storage}{chapter.17}% 76
\BOOKMARK [1][-]{section.17.3}{Data De-Duplication}{chapter.17}% 77
\BOOKMARK [1][-]{section.17.4}{Caching}{chapter.17}% 78
\BOOKMARK [1][-]{section.17.5}{Eventual Consistency Handling}{chapter.17}% 79
\BOOKMARK [1][-]{section.17.6}{Encryption}{chapter.17}% 80
